-------------------------------------------------------------------------------
Test set: br.com.pwatraining.template.test.BasicIntegrationConfigurationTest
-------------------------------------------------------------------------------
Tests run: 2, Failures: 0, Errors: 2, Skipped: 0, Time elapsed: 7.318 s <<< FAILURE! - in br.com.pwatraining.template.test.BasicIntegrationConfigurationTest
whenLoggedUserRequestsHomePage_ThenSuccess  Time elapsed: 0.305 s  <<< ERROR!
org.springframework.web.client.ResourceAccessException: I/O error on GET request for "http://localhost:0": Cannot assign requested address: connect
	at br.com.pwatraining.template.test.BasicIntegrationConfigurationTest.whenLoggedUserRequestsHomePage_ThenSuccess(BasicIntegrationConfigurationTest.java:47)
Caused by: java.net.BindException: Cannot assign requested address: connect
	at br.com.pwatraining.template.test.BasicIntegrationConfigurationTest.whenLoggedUserRequestsHomePage_ThenSuccess(BasicIntegrationConfigurationTest.java:47)

whenUserWithWrongCredentials_thenUnauthorizedPage  Time elapsed: 0 s  <<< ERROR!
org.springframework.web.client.ResourceAccessException: I/O error on GET request for "http://localhost:0": Cannot assign requested address: connect
	at br.com.pwatraining.template.test.BasicIntegrationConfigurationTest.whenUserWithWrongCredentials_thenUnauthorizedPage(BasicIntegrationConfigurationTest.java:59)
Caused by: java.net.BindException: Cannot assign requested address: connect
	at br.com.pwatraining.template.test.BasicIntegrationConfigurationTest.whenUserWithWrongCredentials_thenUnauthorizedPage(BasicIntegrationConfigurationTest.java:59)

