<?xml version="1.0" encoding="UTF-8"?>
<testsuite xmlns:xsi="http://www.w3.org/2001/XMLSchema-instance" xsi:noNamespaceSchemaLocation="https://maven.apache.org/surefire/maven-surefire-plugin/xsd/surefire-test-report.xsd" name="br.com.pwatraining.template.test.BasicIntegrationConfigurationTest" time="7.318" tests="2" errors="2" skipped="0" failures="0">
  <properties>
[...]
</properties>
  <testcase name="whenLoggedUserRequestsHomePage_ThenSuccess" classname="br.com.pwatraining.template.test.BasicIntegrationConfigurationTest" time="0.305">
    <error message="I/O error on GET request for &quot;http://localhost:0&quot;: Cannot assign requested address: connect" type="org.springframework.web.client.ResourceAccessException">org.springframework.web.client.ResourceAccessException: I/O error on GET request for "http://localhost:0": Cannot assign requested address: connect
	at br.com.pwatraining.template.test.BasicIntegrationConfigurationTest.whenLoggedUserRequestsHomePage_ThenSuccess(BasicIntegrationConfigurationTest.java:47)
Caused by: java.net.BindException: Cannot assign requested address: connect
	at br.com.pwatraining.template.test.BasicIntegrationConfigurationTest.whenLoggedUserRequestsHomePage_ThenSuccess(BasicIntegrationConfigurationTest.java:47)
</error>
    <system-out><![CDATA[04:24:13.845 [main] [] INFO  o.s.t.c.s.AnnotationConfigContextLoaderUtils
				- Could not detect default configuration classes for test class [br.com.pwatraining.template.test.BasicIntegrationConfigurationTest]: BasicIntegrationConfigurationTest does not declare any static, non-private, non-final, nested classes annotated with @Configuration.
04:24:13.971 [main] [] INFO  o.s.b.t.c.SpringBootTestContextBootstrapper
				- Found @SpringBootConfiguration br.com.pwatraining.template.TemplateApplication for test class br.com.pwatraining.template.test.BasicIntegrationConfigurationTest

  .   ____          _            __ _ _
 /\\ / ___'_ __ _ _(_)_ __  __ _ \ \ \ \
( ( )\___ | '_ | '_| | '_ \/ _` | \ \ \ \
 \\/  ___)| |_)| | | | | || (_| |  ) ) ) )
  '  |____| .__|_| |_|_| |_\__, | / / / /
 =========|_|==============|___/=/_/_/_/
 :: Spring Boot ::                (v3.0.1)

04:24:14.553 [background-preinit] [] INFO  o.h.validator.internal.util.Version
				- HV000001: Hibernate Validator 8.0.0.Final
04:24:14.613 [main] [] INFO  b.c.p.t.t.BasicIntegrationConfigurationTest
				- Starting BasicIntegrationConfigurationTest using Java 18.0.2.1 with PID 4596 (started by Anderson-Silva in C:\PWA\Workspace\Jornada-04\Jornada-04-Spring-Boot)
04:24:14.615 [main] [] INFO  b.c.p.t.t.BasicIntegrationConfigurationTest
				- No active profile set, falling back to 1 default profile: "default"
04:24:15.635 [main] [] INFO  o.s.d.r.c.RepositoryConfigurationDelegate
				- Bootstrapping Spring Data JPA repositories in DEFAULT mode.
04:24:15.713 [main] [] INFO  o.s.d.r.c.RepositoryConfigurationDelegate
				- Finished Spring Data repository scanning in 70 ms. Found 4 JPA repository interfaces.
04:24:16.390 [main] [] INFO  o.h.jpa.internal.util.LogHelper
				- HHH000204: Processing PersistenceUnitInfo [name: default]
04:24:16.476 [main] [] INFO  org.hibernate.Version
				- HHH000412: Hibernate ORM core version 6.1.6.Final
04:24:16.674 [main] [] WARN  org.hibernate.orm.deprecation
				- HHH90000021: Encountered deprecated setting [javax.persistence.sharedCache.mode], use [jakarta.persistence.sharedCache.mode] instead
04:24:16.857 [main] [] INFO  com.zaxxer.hikari.HikariDataSource
				- HikariPool-1 - Starting...
04:24:17.173 [main] [] INFO  com.zaxxer.hikari.pool.HikariPool
				- HikariPool-1 - Added connection conn0: url=jdbc:h2:file:C:/data/exemplo user=SA
04:24:17.175 [main] [] INFO  com.zaxxer.hikari.HikariDataSource
				- HikariPool-1 - Start completed.
04:24:17.201 [main] [] INFO  SQL dialect
				- HHH000400: Using dialect: org.hibernate.dialect.H2Dialect
04:24:18.086 [main] [] INFO  o.h.e.t.j.p.i.JtaPlatformInitiator
				- HHH000490: Using JtaPlatform implementation: [org.hibernate.engine.transaction.jta.platform.internal.NoJtaPlatform]
04:24:18.098 [main] [] INFO  o.s.o.j.LocalContainerEntityManagerFactoryBean
				- Initialized JPA EntityManagerFactory for persistence unit 'default'
04:24:18.933 [main] [] WARN  o.s.b.a.o.j.JpaBaseConfiguration$JpaWebConfiguration
				- spring.jpa.open-in-view is enabled by default. Therefore, database queries may be performed during view rendering. Explicitly configure spring.jpa.open-in-view to disable this warning
04:24:18.991 [main] [] INFO  o.s.b.a.h.H2ConsoleAutoConfiguration
				- H2 console available at '/h2-console'. Database available at 'jdbc:h2:file:C:/data/exemplo'
04:24:19.670 [main] [] INFO  o.s.s.web.DefaultSecurityFilterChain
				- Will secure any request with [org.springframework.security.web.session.DisableEncodeUrlFilter@70376c6, org.springframework.security.web.context.request.async.WebAsyncManagerIntegrationFilter@2e89310c, org.springframework.security.web.context.SecurityContextHolderFilter@3470c771, org.springframework.security.web.header.HeaderWriterFilter@231d5119, org.springframework.security.web.csrf.CsrfFilter@589dd717, org.springframework.security.web.authentication.logout.LogoutFilter@7593716d, org.springframework.security.web.authentication.www.BasicAuthenticationFilter@2181144e, org.springframework.security.web.savedrequest.RequestCacheAwareFilter@7ae49d52, org.springframework.security.web.servletapi.SecurityContextHolderAwareRequestFilter@40ef1198, org.springframework.security.web.authentication.AnonymousAuthenticationFilter@55c75b72, org.springframework.security.web.access.ExceptionTranslationFilter@5086e144, org.springframework.security.web.access.intercept.FilterSecurityInterceptor@2ae92511]
04:24:20.583 [main] [] INFO  b.c.p.t.t.BasicIntegrationConfigurationTest
				- Started BasicIntegrationConfigurationTest in 6.264 seconds (process running for 7.605)
04:24:20.598 [main] [] INFO  o.s.b.f.a.AutowiredAnnotationBeanPostProcessor
				- Autowired annotation is not supported on static fields: static int br.com.pwatraining.template.test.BasicIntegrationConfigurationTest.port
]]></system-out>
  </testcase>
  <testcase name="whenUserWithWrongCredentials_thenUnauthorizedPage" classname="br.com.pwatraining.template.test.BasicIntegrationConfigurationTest" time="0">
    <error message="I/O error on GET request for &quot;http://localhost:0&quot;: Cannot assign requested address: connect" type="org.springframework.web.client.ResourceAccessException">org.springframework.web.client.ResourceAccessException: I/O error on GET request for "http://localhost:0": Cannot assign requested address: connect
	at br.com.pwatraining.template.test.BasicIntegrationConfigurationTest.whenUserWithWrongCredentials_thenUnauthorizedPage(BasicIntegrationConfigurationTest.java:59)
Caused by: java.net.BindException: Cannot assign requested address: connect
	at br.com.pwatraining.template.test.BasicIntegrationConfigurationTest.whenUserWithWrongCredentials_thenUnauthorizedPage(BasicIntegrationConfigurationTest.java:59)
</error>
  </testcase>
</testsuite>